<?xml version="1.0" encoding="UTF-8"?>
<testng-results skipped="0" failed="0" total="1" passed="1">
  <reporter-output>
  </reporter-output>
  <suite name="BDD Test Suite" duration-ms="155897" started-at="2019-05-27T07:33:03Z" finished-at="2019-05-27T07:35:39Z">
    <groups>
    </groups>
    <test name="Launching Browser" duration-ms="155897" started-at="2019-05-27T07:33:03Z" finished-at="2019-05-27T07:35:39Z">
      <class name="Runner.TestRunner">
        <test-method status="PASS" signature="setUpClass()[pri:0, instance:Runner.TestRunner@6be46e8f]" name="setUpClass" is-config="true" duration-ms="1371" started-at="2019-05-27T13:03:03Z" finished-at="2019-05-27T13:03:05Z">
          <reporter-output>
          </reporter-output>
        </test-method> <!-- setUpClass -->
        <test-method status="PASS" signature="feature(cucumber.api.testng.CucumberFeatureWrapper)[pri:0, instance:Runner.TestRunner@6be46e8f]" name="feature" duration-ms="153973" started-at="2019-05-27T13:03:05Z" data-provider="features" finished-at="2019-05-27T13:05:39Z">
          <params>
            <param index="0">
              <value>
                <![CDATA[Google Homepage]]>
              </value>
            </param>
          </params>
          <reporter-output>
          </reporter-output>
        </test-method> <!-- feature -->
        <test-method status="PASS" signature="tearDownClass()[pri:0, instance:Runner.TestRunner@6be46e8f]" name="tearDownClass" is-config="true" duration-ms="189" started-at="2019-05-27T13:05:39Z" finished-at="2019-05-27T13:05:39Z">
          <reporter-output>
          </reporter-output>
        </test-method> <!-- tearDownClass -->
      </class> <!-- Runner.TestRunner -->
    </test> <!-- Launching Browser -->
  </suite> <!-- BDD Test Suite -->
</testng-results>
